[2024-08-16 11:22:32,154] 160 numexpr.utils - INFO - NumExpr defaulting to 8 threads.
[2024-08-16 11:22:34,374] 28 root - INFO - Entered the data ingestion method
[2024-08-16 11:22:34,398] 31 root - INFO - Read the dataset as dataframe
[2024-08-16 11:22:34,404] 37 root - INFO - Train test split initiated
[2024-08-16 11:22:34,411] 43 root - INFO - Ingestion of data is completed
[2024-08-16 11:22:34,428] 80 root - INFO - Read train and test data completed
[2024-08-16 11:22:34,428] 82 root - INFO - Obtaining preprocessing object
[2024-08-16 11:22:34,428] 59 root - INFO - Categorical Columns: ['gender', 'race_ethnicity', 'parental_level_of_education', 'lunch', 'test_preparation_course']
[2024-08-16 11:22:34,428] 60 root - INFO - Numerical Columns: ['writing_score', 'reading_score']
[2024-08-16 11:22:34,433] 98 root - INFO - Applying preprocesing object on training and testing dataframe
[2024-08-16 11:22:34,459] 114 root - INFO - Saved preprocessing object
[2024-08-16 11:22:34,460] 30 root - INFO - Split training and test input data
[2024-08-16 11:22:39,131] 46 root - INFO - Random Forest,Train model score :0.9772183306461024, Test model score: 0.8515137922674323
[2024-08-16 11:22:39,232] 46 root - INFO - Decision Tree,Train model score :0.9996534669718089, Test model score: 0.7491148129518399
[2024-08-16 11:23:07,076] 46 root - INFO - Gradient Boosting,Train model score :0.8948176876229568, Test model score: 0.872818801901754
[2024-08-16 11:23:07,229] 46 root - INFO - Linear Regression,Train model score :0.8743171539137968, Test model score: 0.8804238922997575
[2024-08-16 11:23:13,842] 46 root - INFO - XGBRegressor,Train model score :0.9287495013467192, Test model score: 0.8492434722253639
[2024-08-16 11:23:29,542] 46 root - INFO - CatBoosting Regressor,Train model score :0.9071223853509314, Test model score: 0.8613734525258083
[2024-08-16 11:23:41,755] 46 root - INFO - AdaBoost Regressor,Train model score :0.8553189992248418, Test model score: 0.8521277294453323
[2024-08-16 11:23:41,755] 98 root - INFO - Best found model on training and testing dataset
