[ 2024-08-15 22:36:56,096 ] 160 numexpr.utils - INFO - NumExpr defaulting to 8 threads.
[ 2024-08-15 22:36:57,754 ] 28 root - INFO - Entered the data ingestion method
[ 2024-08-15 22:36:57,778 ] 31 root - INFO - Read the dataset as dataframe
[ 2024-08-15 22:36:57,786 ] 37 root - INFO - Train test split initiated
[ 2024-08-15 22:36:57,802 ] 43 root - INFO - Ingestion of data is completed
[ 2024-08-15 22:36:57,818 ] 81 root - INFO - Read train and test data completed
[ 2024-08-15 22:36:57,818 ] 82 root - INFO - Obtaining preprocessing object
[ 2024-08-15 22:36:57,818 ] 62 root - INFO - Categorical Columns: ['gender', 'race_ethnicity', 'parental_level_of_education', 'lunch', 'test_preparation_course']
[ 2024-08-15 22:36:57,819 ] 63 root - INFO - Numerical Columns: ['writing_score', 'reading_score']
[ 2024-08-15 22:36:57,827 ] 95 root - INFO - Applying preprocesing object on training and testing dataframe
[ 2024-08-15 22:36:57,850 ] 108 root - INFO - Saved preprocessing object
[ 2024-08-15 22:36:57,854 ] 28 root - INFO - Split training and test input data
[ 2024-08-15 22:37:01,267 ] 45 root - INFO - Random Forest,Train model score :0.976793627986766, Test model score: 0.8515700461968311
[ 2024-08-15 22:37:01,364 ] 45 root - INFO - Decision Tree,Train model score :0.9996534669718089, Test model score: 0.7334576047183675
[ 2024-08-15 22:37:24,398 ] 45 root - INFO - Gradient Boosting,Train model score :0.8952898529710434, Test model score: 0.874682858520851
[ 2024-08-15 22:37:24,524 ] 45 root - INFO - Linear Regression,Train model score :0.8743171539137968, Test model score: 0.8804238922997575
[ 2024-08-15 22:37:28,310 ] 45 root - INFO - XGBRegressor,Train model score :0.9287495013467192, Test model score: 0.8492434722253639
[ 2024-08-15 22:37:39,859 ] 45 root - INFO - CatBoosting Regressor,Train model score :0.9071223853509314, Test model score: 0.8613734525258083
[ 2024-08-15 22:37:47,789 ] 45 root - INFO - AdaBoost Regressor,Train model score :0.8517263408535061, Test model score: 0.8536145767330956
[ 2024-08-15 22:37:47,789 ] 96 root - INFO - Best found model on training and testing dataset
