[ 2024-08-16 02:06:25,908 ] 160 numexpr.utils - INFO - NumExpr defaulting to 8 threads.
[ 2024-08-16 02:06:27,898 ] 28 root - INFO - Entered the data ingestion method
[ 2024-08-16 02:06:27,917 ] 31 root - INFO - Read the dataset as dataframe
[ 2024-08-16 02:06:27,921 ] 37 root - INFO - Train test split initiated
[ 2024-08-16 02:06:27,926 ] 43 root - INFO - Ingestion of data is completed
[ 2024-08-16 02:06:27,941 ] 81 root - INFO - Read train and test data completed
[ 2024-08-16 02:06:27,941 ] 82 root - INFO - Obtaining preprocessing object
[ 2024-08-16 02:06:27,941 ] 62 root - INFO - Categorical Columns: ['gender', 'race_ethnicity', 'parental_level_of_education', 'lunch', 'test_preparation_course']
[ 2024-08-16 02:06:27,942 ] 63 root - INFO - Numerical Columns: ['writing_score', 'reading_score']
[ 2024-08-16 02:06:27,943 ] 95 root - INFO - Applying preprocesing object on training and testing dataframe
[ 2024-08-16 02:06:27,955 ] 108 root - INFO - Saved preprocessing object
[ 2024-08-16 02:06:27,958 ] 28 root - INFO - Split training and test input data
[ 2024-08-16 02:06:31,686 ] 45 root - INFO - Random Forest,Train model score :0.9768952960811782, Test model score: 0.8510388560303251
[ 2024-08-16 02:06:31,793 ] 45 root - INFO - Decision Tree,Train model score :0.9996534669718089, Test model score: 0.7583817432842495
[ 2024-08-16 02:07:05,254 ] 45 root - INFO - Gradient Boosting,Train model score :0.8951220793588827, Test model score: 0.8768454926972904
[ 2024-08-16 02:07:05,463 ] 45 root - INFO - Linear Regression,Train model score :0.8743171539137968, Test model score: 0.8804238922997575
[ 2024-08-16 02:07:09,192 ] 45 root - INFO - XGBRegressor,Train model score :0.9287495013467192, Test model score: 0.8492434722253639
[ 2024-08-16 02:07:23,972 ] 45 root - INFO - CatBoosting Regressor,Train model score :0.9071223853509314, Test model score: 0.8613734525258083
[ 2024-08-16 02:07:32,908 ] 45 root - INFO - AdaBoost Regressor,Train model score :0.8534065970055591, Test model score: 0.8556704742135427
[ 2024-08-16 02:07:32,908 ] 96 root - INFO - Best found model on training and testing dataset
